7452966
6890873
536
5532575
908137
1802285
4683067
4283233
55185
7796897
130
112801
9556225
2964669
7654621
8114779
3180129
5961657
2573473
3243421
3931945
6279013
6781657
7079699
1143914
109
485
6890873
353
5852929
8209657
9687087
1053685
747948
5882305
324089
8369099
2625153
413
4783545
83049
205
5746369
2444069
503569
6243408
2108033
4981233
7188331
3178785
908137
422
1159397
5083521
3599185
1704097
149
5234529
1965055
3541401
1752857
3720061
334785
5197251
43
4558041
303
321
2749281
8264137
516339
54
1627571
1856925
3355545
3
18
3607185
5899169
136
7406137
1312304
65
3088767
9145087
269
116
2501041
7654621
231
5755465
193
2108033
376965
3572291
4071167
5407934
135
3738689
7364049
265
9645951
7923609
50
5083521
3607575
6804617
3559561
6772665
13490
1226324
1805855
4459923
6763225
7
5340257
6851841
5899169
8253651
2108033
7923609
5
5260803
549
6917377
4369613
307529
7621748
5981831
105
71617
9616033
9166737
393173
73
9458263
324
60
6188333
139
9321793
1289937
7165208
3781745
6194283
263
83049
5921449
5825601
1036033
7919657
3541401
8445581
7193825
8203649
9083506
8209657
340
9896025
5234529
5746369
19
96
827003
1728673
507
4713871
5882293
43
7621748
3004475
45
3608595
183
168
74
271853
8123403
7578993
9938282
46733
8595395
848449
4761601
7
7773809
5628917
5991205
4437465
5899169
6369431
8055537
24
2272207
38
1218762
2595465
8264761
5166813
1964993
42
25
329
1608681
4899937
7666721
375
302
8796045
1159397
2281987
8511329
85
7959253
1973637
2345289
414
4610043
3781745
3547435
6217361
4955761
5208149
7433157
8396573
7364049
175
1
7458955
7472801
1822173
277
5598757
5020799
4609855
3754561
9134692
41
4761601
460063
2921443
1332097
523537
3043145
628413
409
33
162
129
7373929
8749457
2387729
369
417
1774209
235
4713871
5083521
6206020
149
3607575
601
2606337
425
3080529
69
213
7569129
8250193
5627277
1329041
4075033
5969275
537
2709827
134
7305647
8595395
1143914
7756958
5937833
2749281
8921553
104
2563637
2749281
9585293
73
25
8055537
3375015
3607185
9690027
1325065
4139521
5778945
4730577
330195
293
827003
331
3095825
4257517
6987577
8594719
141
1226324
9319861
530
9883041
5471089
2931491
2930101
9786209
5956225
243
2281987
6772665
5629773
7364049
4858885
1480545
61
115813
270
1856925
257825
42
6772665
7929649
7458955
979161
9465759
3929651
5208149
309
7235953
2190266
8661453
40
6314297
271
1841645
8247265
7664635
7959253
5273956
1350145
5753681
4495233
40
5789733
8796045
5969275
5576409
3049985
9411095
8015241
139
11413
3375015
1525001
14
841237
201
628413
195
46733
841237
529
4561687
930607
6996401
277
7627393
4048801
5606545
594
1133761
535
357
1109347
5882293
6314641
165
3547435
154
9
504
5852929
1112597
180
327
5605263
