6125037
2527
9127481
4450305
1905
873593
2616977
986
3755
7686095
7359241
2390330
2622337
234087
9332581
9699001
1979
6837181
8518635
1867649
2189
3181582
6111027
8077649
8472737
7680037
6287155
1663945
4820881
1898549
8441393
5354113
519
8198401
5094641
683713
822545
5281345
4025581
7718673
2741
278809
4227329
5804197
9538049
309050
950
3538753
9501333
7156265
9044861
9439233
5631037
299551
9992193
9592741
4361
7369225
4331697
846033
6469313
5547393
8474055
5964581
1240270
811
291971
9389551
7775831
2140738
5737233
5263989
7335809
7714779
2067713
5669233
9363457
765965
6962283
4622401
4882433
5178945
3639145
4571173
158
2145
3353
8807933
3324185
596265
8953068
1155441
7187905
735
995
4432777
9033225
309050
3058
6239673
2911
7790922
1568353
1361
7796385
6302305
4263029
401
5263989
2503977
6925021
985301
5778843
6266497
2746
9078375
213
998995
4206137
3547158
350975
2988
8052875
8034305
9157285
6080641
3549665
5274545
7662267
128
7330874
3185
641
4589317
7275649
9186953
422013
2046
2056
2318137
8636541
1233929
30
8800718
6799673
8427180
2141
7516441
4644345
9199489
4944
8136961
790
1633
4584365
1645057
3086
1963345
6418929
2521
4551
3450
3691028
5944072
1823685
2238297
1032534
2917102
4277
9901753
2219411
8223649
1590453
3361459
1233929
2477313
4463329
4201
2435097
1748321
2481
3113369
354305
1212
2918
2320431
3114097
7927809
4058409
1414315
4152059
5169245
168
4691
6848087
517
2052158
3066306
4710129
4934017
8577649
2021217
2363867
1703985
2504601
3950209
1168221
1642
2650881
190
9892287
566
8142647
8519709
6385649
7500166
1
7901257
8116757
5360961
923
8741977
1687
799049
5236013
9934345
5883425
9084769
1505333
1485257
2714874
7651718
4836560
173
7814341
9680637
4008225
2234867
2218673
3211388
634
3232833
5226913
290
3726
2342
6490679
6339348
9870465
3730
5755617
2099713
9465725
9477873
3595
424
3236214
932305
2069603
7514353
3434017
4775345
3919489
6302417
2113
7114665
641673
2958569
4525917
9445883
759608
6626785
7099245
6569373
835141
389613
808
7796385
6048513
7119985
3421
6506769
8633525
2700220
4757329
4958932
914202
310017
4006
2635521
6087419
6865329
9525117
3012
1200015
575
1177410
2392821
8654004
3980753
240
3556789
132
1917
844769
4261
310
5763067
6429609
7102969
9889205
4539573
8378825
5421977
1605
2935
487531
6313856
8889281
1823
6981965
1733688
209
4831
7228024
4067887
2556421
9181619
9325076
6539289
9540309
4775313
2691725
763
8070639
515
1890701
6246209
8968241
1663945
173
2377945
3713263
6289985
9648629
1741177
883
9327477
3762817
873
9310549
606765
1601405
2392821
818
435
3638853
9000956
1139
2671
5649375
6641171
7509559
2494
9249998
2913669
6640049
5281789
4640937
8533873
4688369
183329
8710413
7356865
2011
1945
2174701
957331
4470025
1839489
6539289
2573
9350326
2459521
1161361
3981
5159169
7813545
3174705
4636115
6403313
8813547
8731389
2407
8070661
457531
4357
8811085
7798681
698465
1391
7318556
1631
2708821
7090923
2621041
4044097
3116471
9687745
9633023
577537
393
4652353
1039273
8533873
189
7576673
1944813
905993
2709
5950203
9583681
8837009
1295
7032330
1615
4999314
2587665
1826298
3423
1987423
1442
7367814
2266
9501333
2408641
3489
4797313
2842602
3369
851
4250371
488689
5398017
3431443
6177
6631945
9511801
9691857
4115307
8918429
1745
1193273
2843
8629065
6809263
8510415
830
7174657
994049
5577761
5471288
7738057
4443385
9170997
1464985
6966945
792
5468177
3374202
7368879
5191454
4439181
357
5344483
8484225
7523491
9013
2580
1744
3739302
6243424
144
7066191
3138615
1637153
9190613
2156637
1647
3921
30345
1301305
1018
7575489
4052425
2883505
8708455
7269629
1131023
6685649
1067
500801
9139793
2505882
3443139
211
5835053
1739476
2299457
5593313
8396270
4104
2514281
3085025
9914323
4
2745
689
2881727
3756422
3127
1820
6846510
2083
6827185
4363817
7691897
5883425
2551
2129341
9077825
9641281
7830689
9355549
5189
8753897
6699489
818097
5200805
210
193
5780009
6538695
7535381
1973284
3913511
5646577
7080211
2147601
2595002
7901257
1921377
2046337
9056047
7937241
1914369
9079905
6925409
3716926
7301557
6058925
8413072
37
5688993
2641409
118
1418
5608610
9051363
4330793
6616177
89925
1779607
4194
8408449
3654604
1315445
3507713
706145
1206241
2563
5682796
2770517
2849729
6266177
6132043
2230339
2898319
230689
4263513
6920567
2424747
8679393
3189
723
1969025
6675029
7830705
8484970
2414673
3470381
9360205
7162587
9071113
6078738
3405688
3031
5772857
8458153
3061
6064689
3083
1146273
7692137
542705
3814635
510
2979254
1105633
2690285
5545809
3992
1311054
8945353
1336477
2086057
8265317
192
1703
2605353
1828677
9648629
435925
922045
6013683
8709377
4339785
5166025
8478567
4111169
4753409
8189117
1349149
211027
9365119
5560017
2883505
133193
6122183
1942577
8950563
1098
9525663
2603769
363
6359933
4722305
668
1172545
7379123
6047625
1073
4417547
405185
4365941
505673
1832
2369
1709121
3002529
3861505
2710147
3432449
2613777
7221489
5751307
2073
3958913
1330801
186
1549583
4191809
1325
3038801
247012
6522729
6612741
2488
4289225
251
7744641
801588
6274955
3892961
1358911
6549593
2219
2197
694
4004225
3269849
1068713
5464
7508051
1702
2466233
8977485
8214395
5197057
5408425
213
9666353
2305
2480
4018881
9134429
245
3032468
2518
3388545
8386840
4874633
6071190
6004145
9431297
6433
9750145
3316821
8008537
7122821
7660289
1518
235589
1464985
8931471
9162985
3799013
4317
2535329
5424573
5590337
1831041
9809913
2303
2562407
9077990
1877
5775857
884433
4509809
4472073
5763777
689357
1349
4998637
2827
8412577
9253339
1
484769
4089249
362
3503
3939729
2924673
4029615
4300127
8706881
30
3224
4070945
9461537
3750068
2006
1105633
134017
3967671
6581706
4896033
6490679
6812289
4733833
932037
1
2556
7573961
4179937
259953
9322197
4893
8812403
3581
5288747
8946395
2486987
550971
6672873
2827
5701
634
9243965
4214
3892961
3317
4095
6479541
6815865
5290909
9103521
1823685
6142513
141
9139793
8657719
956
3697151
3009725
8065553
2363867
4190209
3333780
754
2607
5036761
8956385
2980
504
9850689
7698877
6547925
1029
9837633
2444593
818369
519
4817719
2477
3253
135
1659496
5253
9230737
8410437
475160
217
9577857
1561
3442201
9175105
6965261
3096
3306
422013
888
9811520
7569793
2644699
9365119
7114665
2074
756
539
1824
4163321
4798461
426161
6787409
4813
2055455
7042730
2395619
4331873
6155689
909865
2475009
1737
1244158
8575312
3283632
5036280
6572169
4053921
2296
3032468
6887815
30345
4916463
6645825
2690344
3503841
7527301
3399
4416209
4353
3650
9070817
7910462
1414
857589
45
1569201
2292
5859505
2164
1986
3486723
437953
3663329
3418582
746
6545
8156709
3150977
4203905
1533442
5440477
903
9051363
2761
8590753
1158079
4216649
2734905
3753
8125049
4915553
5410
3807
7992641
6636997
7901697
1031
7070161
1435113
3294289
1596857
8570634
1947783
1549
631237
3583
1657
1835861
7518539
7351490
3009725
7927809
3464
309050
3157
6402869
2932993
1943313
5271669
535905
3141447
523
2972481
2455
5700410
9837721
2188649
439953
3617
4301981
3272407
1977
2537
1141897
3489
812254
7742225
221113
2913669
5948673
122625
8500129
2563201
3935441
865
7043090
8248789
2421231
541
7332629
7463620
5793
2437
1519269
4158825
1828953
1281
9229077
2076
5732849
3217
1015825
7022705
7997491
9342113
6747221
9050201
7199597
4588177
9345665
7564075
2316678
3233
642993
5260133
5597921
3741
7772667
1623793
731
7822289
9381225
6132043
1623793
8070639
250580
4916463
9954753
2926465
5824613
5395
8175361
3596321
7285887
9418343
886
4118383
8918429
3288517
6931903
4743041
2858177
2637645
6266177
94721
1541661
4516643
6246209
7544818
4281
6090913
5328577
8717771
3503478
4238725
6645825
757
4630787
7901257
1416577
6720263
7122821
4439037
6753449
6149837
4507926
969
2656107
4203
1933345
3786292
5449624
78499
7373561
2918977
5787251
4449013
4638081
5204273
2945
9485601
1276545
5695361
3392961
391
1311
3687993
626263
3409615
4473
6580225
7905437
1191
6020225
2095290
601
35
9199849
4959385
3243185
5552459
617
5704001
5164077
6057629
7309493
9337217
3409
1269213
2613777
9084033
2126081
8460777
62
4285133
2382497
325
3301946
5272849
3638853
4147631
2087921
500230
2573
9997025
5432401
559385
4913065
6238977
8058561
485646
4316073
6020225
1739476
1888
724813
3174
7463620
1069057
9373697
1484462
214
9188465
2957553
6485046
4398989
1507
6336101
6172633
1344135
984449
4479765
4227617
7493879
5368641
5441827
7010033
5166
7264333
4399104
5552025
5763465
3539
7746577
6867741
3760
1432
682
369245
5244
9243965
2280513
3905289
6096741
8765825
5094
4794
94
1299993
9320943
3155521
4155
5000213
2791
2495
1852
2734905
5560017
272
15115
4870567
6611905
678561
1963
7762313
128481
442
8053507
8131277
763649
4267649
7470719
9460705
8792397
2261
2304595
3063033
3262448
9418835
7738879
2845037
1875
2151686
9534585
9093973
2535
8527025
5222698
5267
2703332
6277185
2286577
7491841
2438738
5023029
229738
162
2234867
1167581
8856182
5479726
4171521
158
6411560
2553
9751457
535905
4090773
566471
5946497
4334461
4633
1131457
8697419
5416
551
6496573
1688519
785
9973457
1117185
2849729
7886829
419
3692417
6164965
26
7850617
3779461
9374991
1774903
5263056
118
6455625
5614673
9575932
4310777
171
3633
7438101
1062775
3920864
1748321
4099
2887932
8463271
505673
8754415
2105358
954641
7010033
531940
8215041
1143
8208017
9422201
5272947
4208863
2549
7508051
2215911
2486987
6645937
5613556
3356353
3147663
2353
9013619
4592529
3176569
3257
2582442
1310023
5366801
3483163
7264333
5034597
223477
2415
41
4629601
5948
6904883
2676875
4887969
4099837
2959773
3939729
8184845
4458871
2560257
522269
3493657
2654647
8078929
4049953
9528760
7291409
7820822
1551911
3812673
8747777
3157
7781790
769281
4767
1703960
5575
5778843
4753409
4536
4977
120473
6716865
9691377
4674977
5083089
3231
2918977
1336782
1424
3532417
3191065
6716865
521
5586
2247874
2265065
382
1730579
8265949
7929985
1273549
4417777
6793435
6308399
5044281
7072916
5606848
9127481
6274955
6789545
8391885
3194561
657
7927809
8267457
4438457
1930436
1119969
3191065
4053177
7734953
4425985
1853
556334
61
2610
4357
459129
9684429
4515
6508787
1648561
1850955
545569
4041002
2448
1410
2589683
2969875
4525917
2917102
2868
6175228
7715867
6616177
7955489
1155
1651827
1040
4843385
9450787
6707689
969
139
583
7504701
6952489
8146982
9739953
1520082
711725
5500593
9192881
461297
1965
8491585
6684609
6612741
8540465
6951411
6256
3531
5511
596
6918089
1531
901
2579
1814
3539573
5517114
128481
2963173
992620
2139633
1774903
7393809
3472929
2523169
6146006
8851993
1279
329197
777
1877
2357
1626689
8204829
772
7753569
8246965
2206853
6278437
2691725
9436897
8910025
6271936
4417777
6775833
1045
3265
4072577
234
132
1293
5977086
5851
5330145
133193
9650265
485646
6064689
3920285
87769
397
213445
5678585
8917833
6271138
265
8946395
1132625
1489
6266497
75
1196401
4077633
9817873
753553
404345
3161
4195731
1607429
2959773
938706
4498689
4231777
1331
1958721
229738
1446113
1243
2466321
9053241
2573067
8353755
7955359
496
3289955
4882433
9367393
7137682
1645057
4609017
8761609
9588189
3053649
3215
3616897
7655688
6685577
9347610
4853781
5542566
2317
5751307
6013683
6853153
1368605
7204511
423
7933049
6952769
7307497
4642353
8414544
3242821
2031
5271129
2582442
4470025
1703
2432095
7480085
1574788
2169
3630697
2573
4544
5920597
3107977
1433345
323493
6450285
1169781
8517457
968983
2962653
6837633
9535461
27265
3993415
3384061
1498465
6532865
3533855
3250065
8466225
9355549
427697
4600577
6113845
3925
3374997
6769793
9648729
2958569
9898303
6238097
1791
343
478
6541963
3432449
2269737
9992193
183
675
238
2534651
3152329
3306237
3403505
2489
3398761
4629601
4307037
5226173
5514825
1953661
4250371
113
6519393
9521409
603
9737007
392
7451601
994049
3887
2999617
1582736
4589315
1269213
8283233
2410753
1025981
9019121
9837633
5115137
713
9836135
8208017
7825133
2858
3395
467315
8647133
8340097
3559550
4097625
1460751
7564075
9764737
960386
837
7015185
8108417
7510615
761793
7825512
1086193
5346177
6823111
2753
6423137
5
1585806
153825
8382693
1165
7063804
7438101
6229281
3080065
6675937
5599974
9884533
5852761
6840141
8295373
2740921
1484569
7258663
4507797
802
7822289
7399159
9367393
5255171
5751157
216
8412597
5789027
705665
8034409
1159533
4157037
726
1708
8688375
9831153
3833
115
2505
427
1338950
4229833
4245
1485
366
535
2417
1921153
5689473
2677
1908
4354
3308
1848321
516
544257
5321228
7207723
1039
2986
3343
6206377
7729537
763953
1559
2444
3193
6450285
62
6121065
1018889
4852168
812769
9518589
8167265
193933
3432449
3938131
8353755
8458656
4455
3469052
6375
9413873
1099849
8626273
353121
873
7532929
1693209
8033094
7750861
6111073
1482325
1616933
515
3310081
9405889
3413051
8061025
4443
2167
417997
4117061
5609989
2726705
4679925
3067
373835
5034597
5391246
1355939
6797087
1449
2545775
5052485
3920453
5146529
1486
9139197
7926541
8512833
4736317
4727224
8550658
8741977
5759169
8464993
7106907
584749
3356353
3905289
4333569
1037
5157933
3794017
7078609
577537
4140171
169
3755
4219
1077
7210969
2080449
5705641
1244158
6670977
1347249
8331171
1023985
1316529
9243965
3191065
1599
9585575
1182621
711725
381
6143833
9282785
2538116
1066209
2408057
2530721
3756422
4252353
3746149
606
9593121
2492281
5233057
7063937
4200375
5213231
3725
241
7998593
842
5655140
938
6424521
1289983
5505611
2208435
4569
2635521
1107729
6199821
9320943
4466
4274625
67
1215345
7143001
6278437
2265065
3540248
3850353
9364637
6413670
6377132
3970897
2048633
2470
285
7849341
5108589
2275
8170401
7077505
8427207
5410
7130229
1295
3409
7
3703721
6607426
8302735
6232755
791553
2281165
9541789
627823
3734438
9886855
8611073
6092321
3301
3322287
6087419
4344924
1124
3007029
1629739
7002971
8754438
7453185
8312483
5095907
4658156
1710794
1925
4673541
3915
9211643
3043
6712481
7102636
524
194295
9005385
1181
4478360
774337
1
298
520
1414315
4082
7252713
3504
3083851
74
2247
1519
9817873
2525
4738449
3797773
7244380
9967025
2532
4201873
6720263
9217
4089665
1099849
6963777
5418709
566471
254
61
709355
7830705
9501333
5982075
4120865
8043393
5110685
220417
933
7530385
2228257
6478581
4208863
394
4916463
7207723
2174701
689
6780735
4638337
1502
491593
470
4208863
21
9638041
544493
4160
4087
9013
620
467
9582401
5500733
6945468
5887789
1647
1073
2230339
3072569
2594
2327001
1898549
3519
4683053
2051216
271585
28
335
975
7947061
1416577
104449
3361639
7035361
8883493
308
6342843
1803
781
8930097
7109509
4317
1590233
4810223
3499941
7505
699289
7961764
9985113
5413617
563
6229
7205253
307697
461
3091
1117969
9909359
7184106
9905246
6775817
5057071
9901857
2633115
5613556
1557344
7651718
8868993
7860901
449
3688773
1498465
4413209
2281165
2312909
1410
4111169
1921693
3654604
3161337
964433
9429738
777
50
9425047
4663
2509
1753
3277
5887789
5844445
7536337
4933
3194355
4429713
9394049
1865
7603291
1525
2417
8391181
8172713
2412129
3288643
362
934
8610920
35233
1403
4193665
7719345
3045
661729
31
5057
9578609
2534233
3778245
9343993
3011609
4197193
1590233
6978401
2325
9521409
2440
4550356
6474153
7544818
4609017
4967009
9186599
1061
9633023
7711901
290
7124611
831
4417246
4816573
3776533
8647905
438
2434589
2921765
9980641
3976337
6060449
7815121
2431729
3335
5962945
9481259
6907767
8474055
9521681
3273637
4956697
2691699
2868
8820259
368
2325
7660289
7086967
5216617
8938457
2950247
359601
1942540
3393427
774
444832
8508113
9233606
9097036
2992
7838385
43147
50457
501733
343
6068985
4199
5120685
1312
1739476
1563
4754
234087
2907537
4556081
228
3083097
4022895
7499982
4160235
2815
3943529
946
7473109
4318625
2972799
1053
2959
7734953
338
4307377
4252353
9663601
8219009
4345
8582436
7300289
7335
5845
7063809
3482763
6754073
5923521
1923
1415
9130625
607
9094989
9996933
630889
1682281
8208311
2238395
3747666
3947
7108201
6142513
502
9332581
1372915
4015039
9496033
3921
2922
2682061
7360453
8686453
5775609
3197355
8226645
412341
1117969
3733
4472243
3920453
4593901
4637
511499
5606848
6081013
474
3979205
4449969
6523421
2605353
7304349
1358028
3021041
6385649
3683
3103
4299
5052485
1944
2955
5036761
9098577
5218113
4882433
1935553
2672
161
5112981
5741273
7470719
1300
6728321
1185857
581937
2902837
4179449
6061215
8085795
1445001
1473774
1578657
5178193
6922097
8103271
1255255
1457
2603457
4152059
6087569
3465
1910
6289985
9257185
639
2317313
9699283
4028195
1601953
1757313
6626785
6597369
3680938
1031493
5793537
1533442
5022411
9369057
4680083
4124353
3107977
9305895
2913057
1471
5059589
9147750
180201
9186953
1725825
811065
6268767
3117449
3817861
4559
4454
992620
654049
2174
4090773
4041
1842001
3879537
4962049
8274855
5387369
3666037
7843553
2017
977
6960961
2585
7995829
8189065
2232
5649375
24
8747297
1659496
8882868
8704097
5275190
3928833
2370
985301
5538361
3677496
3355199
508
3245464
7886057
2255409
916377
282
9685381
9639885
4923
4448
782
2428577
6243025
1569201
9926024
4374209
1565665
8889281
2805
9789499
2188649
4669
6447211
5718093
9575932
67997
3820189
3745
4458871
5601289
7509559
1099
2385
2964657
7373561
1391
613297
3695137
8063829
5130933
5089
520
3207072
6753817
800587
4022895
2581
2997877
5299133
3170
8429713
1356041
1236
8484481
2802265
7687742
5745875
1630
1328769
7893241
1733688
6618205
2735
813592
9249817
1903
649
577
8761609
8285075
3333
6048513
3353209
2633115
35
2572201
6980893
5052485
1541661
54455
950
9029875
8170943
7069313
2582442
4741441
455105
8610021
4519
1886022
2994
8321635
7373561
3778107
4671685
7190181
8345908
5597989
4743
3462593
9636695
1675
853749
969
1895
6206377
9430922
7926541
1349
5169245
769281
4405133
3835033
3717
1673281
2138113
6728555
277
478721
1504697
2571
2002
7541649
705
1462
6788
1009
7735197
7089201
6164873
5330145
1198
2740
6272721
7383577
5330473
3851681
298
3733
7303565
2967261
9218529
2048
7999585
9456701
1820981
5090489
6287155
3785
174
1593
9
6450285
5868
3853062
5143601
6503315
5328577
1385
8789185
7805853
2701057
5252137
3579641
3388372
9905246
3642769
2425
9997025
3849817
6619929
5609989
6056179
5134
6766020
1774903
4095527
576
1745321
4545851
1637153
6554057
5631037
4696948
3072569
8078929
3229745
3283777
106959
9691857
6071055
4701891
5444
8650897
7929254
9326641
6655333
2441964
3630697
7422081
1819695
4478705
5096154
143345
4245985
4651
3493181
8293841
733231
9616353
5821377
2018573
2864505
3284965
6989955
8760757
4248674
8308929
4967009
2072
5526579
9833396
4489817
4797313
817
6865329
5793
4318625
1120261
677
2007361
9667171
1886
9312739
4539961
4496257
8647905
9691393
355977
1012
2199687
8392063
1759425
1146969
7178501
5080168
8391181
7649404
6149837
922045
5315
8410429
6265797
2425
9029875
6562889
5386085
8983137
8521192
1862425
2281165
6418929
3114811
4990880
5745709
12
3226097
9843729
1902831
6607426
1635633
7291409
2705541
4379525
4683053
4351051
857
850
2873
3215
4100755
6962283
3846211
7063937
5574
8933913
4186753
6785821
746049
5817233
353121
6547379
7485409
9684429
212276
5639537
9983113
11
5814775
7324545
3774
2415
7955489
4252353
5337279
9626178
9050201
9466683
1513
5982803
3553137
3017217
1681
9670553
9525663
1588515
699
7369225
4701891
1110
4356455
6125057
4875
3079
3269210
5836397
3312523
9177784
6658889
3892079
8521192
5878569
437
4639671
4245855
2971
5038313
9004625
839347
5621668
6948299
503
797
3841287
2831403
2735
3687265
5077
5533649
4404977
355
4979
4687141
1739476
1369
3517
5204273
1206087
2734349
7682017
717
455914
7250303
8589137
8472737
5
1073
2740297
4332997
593
9132716
9614853
6478581
9987889
545242
9732231
7738879
1951329
305121
5453965
4704161
2447
9275393
863949
4413209
4371841
5
2415761
6113845
477
6277185
2849729
2046337
3670805
3261233
2577
6318081
3937
5479617
5274545
3143089
8530823
2775963
1786105
3189
2239
1731501
3376697
1165
1244471
6958639
7875793
5421977
6616992
6503761
4171521
891
2990761
4490623
4395
2599
2616977
2414881
1629520
7012071
4095421
860603
4714
2896631
731
8593005
217
8147973
1216
1653599
9060570
9916449
7630650
8420033
7514353
6724833
5545809
203
3594377
7233793
9825665
1164929
8198401
1898049
1741
5330145
7937241
4263029
7651718
193933
237465
2918
3888749
3737
4363053
1731
8688375
6548658
2811809
3389319
5210737
7124611
1955
4692225
8747777
495185
9168897
1595489
3509939
5639083
1935
4701763
1498465
2563
1637153
2333
7860673
2152941
2964785
1020
7174657
1626689
2361
3958913
5996749
4514450
2315
249073
2257071
5950209
5662731
5593969
1610753
8811085
430
666
2629
2839
410
4514450
1079
8200745
3370369
2929
1805467
3018633
3352
4565197
2893257
1769
2986443
719055
4805797
2887013
8158801
4670341
3448369
7887185
5440142
2086
9585575
1040193
1400651
4863
1685
7673565
1302193
5006
5259796
3239
5464917
620
191
1917
4733833
5034145
9245369
2930073
1637153
1498465
916288
47
7974595
5950613
643675
4498171
2682585
5274545
3808
6616177
1031
1454723
741537
3509939
3259
1518705
3206785
517
1930369
753553
1104495
2208435
5638905
2656449
6778457
6041259
8156709
183329
5804197
2796309
2010881
8363561
157
7437057
3402
6231969
9012537
6743007
6468203
1918625
1189055
9686489
2210
7745895
7971146
4478585
6919809
6773634
1611565
1201581
2305
5678700
4401185
3401113
4463329
4463329
7658543
1470
485
5210737
596904
1823685
715969
7130873
7064521
9946499
1486721
4423617
3316821
6447211
923
817
3861953
7953881
4220481
8430545
33
6969309
3390
2819349
5877665
5655429
9485601
6381457
5159169
3215
366
69176
8943873
2990761
1562351
1923862
7432065
8472813
8420033
3140327
5376565
612
1689
2751
2737
7173677
7541649
1120593
5216617
737
4077633
3621305
2499
203649
3186631
492804
1330305
3083851
7830705
2108351
1610
29
8169808
7042730
1662
6285355
417
1861
9577287
677932
3249
4842641
8146982
6582857
9162209
7427468
1022857
9013
2414673
7714571
9326492
9758593
1819665
634605
6233359
5891
9684429
7792841
1059438
5676865
3301946
8077649
6663641
5678585
854945
1306913
6867741
475160
4463329
7846337
80
3129259
3801
101
4144001
9484909
360
9501333
6218489
6805176
2589683
5344483
6108609
9507405
5027777
7997225
6
2713
6547379
466
1276545
7963557
1101185
8427207
2877907
1478801
8776345
1464985
7539513
1568353
743237
97
1141105
4128653
443
7940101
1409377
4697
9157285
8008212
2280117
5243
5471
7041825
5601289
8328317
6605787
947021
1248
302
7102969
4441053
1413
7909129
2902837
9162985
1212
2620
457531
4961387
1181
9768925
8640978
7658543
3474785
2120582
4760825
5759581
8351129
9934345
3242821
3535601
3820
2219085
4830041
2440733
4280
8959167
146
7576673
59
5755
4195837
2086
3110565
504967
9497089
2107937
9833396
5151257
5034597
656
9998337
3435584
425
3184193
570389
5564943
5211073
3635449
2063
7776209
4704777
9683793
3482
917757
6274955
8911149
613
778
207265
431391
509
7093609
941330
6738
980
9167400
312038
448
4894
2998605
1342
1221
1833985
4394490
5979
9013422
4097625
3885249
2982146
4910
1078212
886
1222757
275925
8203574
2564331
4252973
1533442
1082241
304441
6521221
432461
5641023
6782263
8219009
1520
4328401
3711617
10
2111
8295373
4139
497501
1861
644737
8882177
4316161
9732231
1807353
1590857
927873
660785
4419993
1314689
6670977
7150649
3996943
8051649
6865329
3259
2515
842543
903393
7068786
265789
3993415
923
3434825
2432095
1141009
7038337
8414865
5852761
8671761
2247
1918677
1860189
6233359
76089
2495593
1679973
523685
2957
2556
4077633
2756
7187041
422
9435253
7539505
1232
7658543
1233
1800421
9140694
5980
4419993
4083603
397009
5954273
483397
8900779
5526193
2585
9453197
5602131
4121
8478567
6369565
6481
9181619
5101
7394065
3533989
2309
9588189
2301909
7314273
5228209
5527897
23257
6139221
663
914
4752057
2095290
4820881
8136839
1463
593093
2899
1662133
7616129
9632916
76
3599013
6460825
4058409
4433447
5643049
4176579
4537
4049
3938131
418465
571
8878127
6006401
692
7495281
9289728
2866129
4635853
1923585
3629
8797853
2663
5599965
9593121
23
3958001
6128
966
6777113
2672535
741537
3601
1486721
8303833
7754651
3948769
5412993
9795745
1654
312038
157
2603833
629
1516
8157953
5712616
572049
2382497
765565
5588737
2
5719519
2349
2169192
1872697
891
6170783
6731581
2639825
1727365
1845
1358911
405185
1711
2526
9288573
5479617
7693969
9702825
4349
2801
4770181
2257071
3430861
2435097
5330145
8541635
2347863
195
8858945
1561109
9806657
1921479
6070693
6403313
4393
9485601
3145
4422
5451
7527301
8512683
3415803
6515850
9690003
2506
8556357
1285
3884
9468777
979
3486723
3744317
9492595
2093
453
1
7948673
9545452
2691725
9563221
1690
7814341
9758593
2784599
593
4263
4876213
1798
1386469
936
1529
6561275
8386840
811065
2523169
1976
9528760
6585247
1241007
6278437
423285
4212021
8285075
1412515
7481121
1287
1926618
4793345
4103597
3701292
2037
8933697
422
5879937
7160497
5478554
13
2197
3960001
5263056
4605
8577649
1316529
8754438
6557387
4991
388
5010653
8819121
2877916
2320431
59
4808199
7132091
4317633
7272409
6507973
9806657
8521192
6134101
5384489
3943
7486209
5626801
4724321
8657719
4513946
8154561
5960709
1209903
3415803
2377945
6424065
8656513
6302417
7875793
5083089
4729
3922099
4560221
7702261
1177
1968217
5263989
1565221
9541789
4012817
9296051
3892079
719055
3852353
7865857
6469313
3016081
3133
1181490
4245
8430545
2504
645217
4484061
1422297
6977953
8830145
2253401
3104213
5416785
5700229
3055785
1539
8961221
8964305
2797569
8076961
2219
7653761
9132641
383
5309857
6887815
8420033
397009
883534
2825
8070231
9899329
3066748
1116
9499729
1414315
1692921
9908398
3777299
7683225
6752961
7779087
4433447
8011025
8118815
5144433
7393809
1566489
2874929
9620273
5767619
9364629
4644405
9134965
917
7394065
290727
7399159
2863
110
7971146
8218353
6554057
8911149
6206377
71849
6511569
4201873
1471383
6701953
9019201
8676777
3688773
3016081
599
3097
655
2627
6039025
9846068
2743
1081097
574635
4507577
8761745
276449
650241
8724825
879032
1124481
5034597
1760657
6758157
133193
6767241
8370030
8089273
4949257
9990277
5514401
4321
1064
3515
2633115
221
969
5932968
493737
2731425
6818109
6261483
5168
450385
7141209
1955
9192881
3763079
131105
452389
1272
8406921
119
4061181
7209693
7877577
488689
3136
4057789
1924
232454
353121
1951
2846439
2497046
9013422
3422525
8874881
5120027
2807
8001101
1
2079
2871181
3018633
8548225
1797
4228517
6401323
4780095
3493181
1311873
65329
6362073
5186757
1879745
2796309
3226097
4682393
5049
1473665
937
1707949
8992673
1422401
1857
7947061
1269213
2963173
3133093
5388561
6600195
4179449
4206137
3589
216
2511
89
4933405
639227
7671125
7988657
773
8368705
7373561
882
5783
3596321
5019
1303
7628497
3
3715105
2345985
3697151
4884947
2612673
7173677
3848377
1747047
5384489
2142445
9803809
2307493
3257113
250
5338821
6359692
3954304
6769793
7878967
2762
1006909
619983
9534585
5845977
4356455
6922097
6867741
8627729
144
2492
9409493
6058925
9093973
7880117
2686
7479789
7789665
2719
3725735
2090
4600577
721
529
4117061
1542
1884301
3380161
4285133
3878674
5783705
5824613
2284
2750133
8462025
3574565
7536365
2594
5905473
9447465
2459595
5231449
1485
159
336
6510545
1255697
5166
3525681
4587171
6479857
585
9958025
5296923
4755129
2992689
9360205
3447169
2497046
9190613
644221
3178
49
9333861
4385393
4507577
4498484
7860673
823297
387
5084605
260201
1813761
4770196
2134761
3697
4095
4280001
5290909
259953
9079905
130
2591
2561
8908057
7901257
321
785
3852353
1185989
2846439
1497350
3280609
9132229
9999729
3590289
3885249
7533743
7616073
293
1188
1075
3513
2846439
500230
8228673
5714878
27
3211388
1117185
3211388
9705609
139650
9905246
2743
9648076
3950209
467315
15
3817
8234253
2083841
2309
3671857
9439233
1647
5278305
8337857
8950563
1109
4163941
501597
418177
163
5967759
4107245
4028195
254
3774073
1027
566471
7544818
8377769
6369732
5306281
2901
9731569
1918625
7195481
9353761
9934345
705665
2406813
484
6128868
1385
3512705
8158801
2438738
3194561
3677496
3117449
8724825
2478721
3244769
2834
9259785
2381200
3862769
2963173
3523
4369809
2249889
8132913
6080141
2433
3571
2342977
3379897
905993
1897
3580833
9369057
3545357
207265
9159788
57
1131023
4622401
5783161
8406057
9565993
722843
2453753
1172545
4419993
2812309
4801
7180437
1998
3768466
6225709
6281351
3651311
9958741
9754955
2813079
812769
3691028
7918977
2875
3967346
1561
2138703
5096961
3919423
3507969
7505551
115217
3422071
4632589
4585049
3155905
9527229
6939841
4481225
5927189
594
3771
5391348
6038484
9724697
1621937
5628533
1209024
8741931
5108589
7811457
943
9799995
119
7979905
4634235
5293697
6787757
255
278809
1077
7521345
5505611
193933
4232
1747
687
6474153
4229839
9176323
6645825
623
3238445
3789
7449761
2070845
7142145
2025
2251575
87769
3409
5758131
8214585
1973
173
3269210
3537439
4660349
6146006
539822
9376737
4434690
6865715
7988657
6106161
3608005
873
4642353
4760825
2039
2312909
1727365
803369
7813545
609377
3487
1835409
1271
875
1136841
9953729
566545
8652073
981
451589
1656
2467
5537
7633207
3078421
7742849
5758131
8832911
3265
4114561
5677
5213231
2431729
8201641
1513
2063
6292042
5689
5322254
645217
3964289
2134081
4674977
4395521
2743
6359933
404345
2059
4511
1952
2616977
2150
2805889
4066051
9726529
7926541
7616737
7334899
6492
7380019
2151549
6134101
97
3434825
2016929
8234253
3339673
545242
2743
8922529
2308
331569
8360119
9487609
1452
3820465
7275649
7187041
5197057
2907713
6773634
4694602
6476569
4684153
8152019
5000213
2905
74
3573781
382549
2698
1606
6041259
2520609
1269
3729
5265153
1119
1669
7850617
4768241
2641409
9775841
3817861
2652
5922209
1963
5655
6678604
4295
2414673
2225025
3428801
5050
2141
3969201
7210969
3093
7973225
1429585
4265793
3766069
342
1476377
3218
8705793
233
8136545
6754073
178
3680938
933793
1883
1349761
2403569
2241481
1774903
8052875
141
9918924
5573139
6332854
1269213
2898
185193
149878
3003137
4789
5317
5398813
7862529
604705
566545
2307493
1563078
1062649
9066993
2328
1102
6233359
8676777
3701057
3842401
8499120
9095041
7332629
9230965
1550
3585
5272849
1393521
4482817
2621
1539865
223
3049987
3590305
8442813
8799315
715969
9081149
7314273
2621
3696769
9327009
5079139
460
2178401
844393
9638041
7114665
2755021
9213453
8137201
7696243
2493
6567297
4766967
1157
9332581
5641023
549
3003
998
1080023
5421977
2503
6607426
3644465
361
2803
2316845
1616933
8345908
2160961
1676865
5794417
255745
823297
1662
1159533
5523953
4227617
5906399
8146017
1818
4298153
5481432
4124353
800538
4244241
4090465
1341
1822
7361977
8682904
777409
2734349
3046
2257071
2142445
2099805
9098485
2899568
9485961
858
6567297
5115137
3402177
5644775
8167265
4807337
3486723
8157953
127
4477
2886103
936022
3781249
1322467
7286009
1682281
3013831
5232
4564173
174242
255
9541789
303971
2266
1407495
9170997
6096663
7510553
3890
6690729
5680185
3039093
489871
5605505
4416209
3235009
7718877
9365825
589857
2754
7742225
5260133
9803809
6724833
765
7587473
2169
2082099
6268767
7782457
4093
4194005
7334713
1668971
499073
989227
3419947
1874
1662133
901313
101
896417
3416599
8983137
3894135
871
553345
7835134
4167
1496289
6657137
1547831
6291397
2316678
1926618
2461
6720775
966081
2159477
9552985
9897519
9365825
1349761
8163761
2304563
8513825
7158647
3750279
8860801
4032821
2641153
9563221
3202391
4827849
4770181
4672588
3935441
3131189
234087
5354113
941145
5849723
2823
4269200
5550189
1490521
6232113
4771
7691897
6121009
2667278
348033
8104216
5998565
6800553
1940
8741977
2645
4558
8102383
4651
3143089
3168227
5072925
1092993
6257391
4652353
8916265
52717
6281351
863
1103
384
1280533
143
1749
4807337
4285
3501441
7664388
229738
4643
5
5296923
9481941
1509665
6679409
1923585
2712017
263441
6805176
2729
7952091
28544
2154317
9453197
3997712
3794221
1886022
4769455
3981063
5164133
4571
2287449
7819521
2913669
677932
1864
8000985
8642927
7144885
6942300
3052
2850
3755293
6784785
4531819
7929985
6332472
2298481
5494857
7860901
7761177
452621
525
1872697
6288987
2117
4330173
2246
176609
981
485646
9885274
1894561
5419942
76089
4429
8940801
4801441
1186671
322
4531484
8709377
7726817
8236241
7924113
1565
2440737
6272721
2734905
1311054
4437361
2787603
2042105
3463
9400591
3238
540
966081
3165
4310777
1705123
1220
9149881
5979741
1461
6640641
6651789
4238785
7785784
906929
8273758
960386
9761751
5419942
792
4228609
4306
3487347
1870865
8610920
2724
9774579
2967585
1426
5333
3242821
47636
6262913
2218
2298481
6017834
9552985
980
6515850
2141
6134177
6648275
126
1695669
7427468
2061637
365
164
8327967
7264945
1697097
9236209
1055
4104813
327
245672
5699194
7235509
2107937
226
2377
9159788
7544583
6967930
8530862
2573
1262837
5746
811521
868
3370657
4810223
2218673
2424747
4736317
2179351
3318909
2556041
1164
152
8521192
9132229
3634929
7415169
5634465
3343
3774109
3389665
1206241
7850617
2731557
9726993
8381989
1393521
105
3592639
4612393
3242821
1438369
5882221
6391659
3475
3209217
581425
4979125
2358225
1703985
7822289
3336097
2120
3283632
6859067
7996561
1657107
889
1573
7499587
3714163
2579481
1567706
8747297
3552805
1918625
6491661
6387
3049444
3722369
5433
2592
2097
8571329
599
2669
6793435
3239009
3126
5061649
4803
1350337
826
1670
3138010
2834981
498
7571073
1281
1302193
5683153
7160497
5850705
45
16901
7434881
8911457
3098353
6839697
8419646
5759339
8652073
9805850
4905579
4256185
586621
3507
3059
2725193
305
6575817
9879757
3161762
4329
626263
7757501
2052158
2507437
6657137
5154
6852149
1866721
1296123
4197685
4355265
3775937
4326
7816833
1193273
98433
5879937
477
8194985
2964785
1928444
6685577
1328769
289
7004785
648337
4355
3215753
3078505
8573681
5772857
6513509
8213
7672191
889
5043
4675699
6489425
451589
1082
163
2092463
1197
187
4864869
3320705
4711689
921217
3775833
6305489
1409377
8610021
4184535
8151
200
6952489
485646
9978117
553
7085817
2313413
557
6110641
1066632
4741207
4160231
2651
16901
5057765
1401
5817497
1868225
2917102
3920864
8106171
9922133
2265
4780309
6019368
4228517
2455
4971977
8210001
9112577
3697151
299
5843398
7452925
1438753
7233003
7221853
5801
6787409
6059137
5186525
9892287
2929
1355939
4568737
2679137
3032468
7140473
7097828
3371
4192
4578725
464
4355265
4517341
7685959
8208017
2247873
601
1795077
2839768
9975621
5539713
8905631
2904065
2387
5136641
249
3711703
984869
1713
4214277
3958001
6037297
4229839
2406483
1386
8776961
9879857
3411361
5933537
2327001
5380629
1358911
6842257
8882177
5956129
5348481
6843905
5263989
7830581
2807913
3312523
3610967
9778145
1739476
186
3017217
8011857
8102383
5255171
1524737
2347
4581888
1287681
2137633
1352241
5719519
3555
136
1725
9598977
5422411
3902
7779087
2129
1020397
1186671
6990727
7106907
129
4635853
6022753
9084659
625
8551617
232485
3710440
5384489
1170273
3329697
1376
3941809
2063
2977
1023
7351490
6990557
9281537
4770181
3694535
2022
6495593
2027193
9577857
7031713
9811329
3772459
8193889
5011
914202
51
630889
2266
6616992
1879517
6132043
2426393
6160309
404
3622
173633
5613556
1625401
969
4593901
5758131
4191503
7451601
686003
9462281
7394065
4369809
678753
281461
9107361
1213
7483521
5460511
1557344
7278905
6513509
265789
7070161
2238221
2462465
320178
6640641
686003
9130625
8116757
2194209
7763905
4277853
5440477
87577
6754073
5009617
4274625
1500025
7140082
1434
903665
7933049
8734627
1279041
6134101
7937793
2468753
3382401
6828641
7742225
2086057
9175333
3512705
1559
463313
2316678
3963569
9372641
4696948
7849341
8224110
4770196
3341729
2103
3755293
5983809
1787009
4637275
854945
4308353
9692433
13
592641
7329303
6640641
1183
6699489
367745
846
844961
5484577
4472073
1921479
2651493
5869505
1414315
2112
3509939
6656565
811065
1545895
1450769
6731425
4519560
5260977
945
6072729
4823625
9602585
322547
4306102
3152513
3133729
70
9602585
9170997
4650181
951713
3039
8688375
9351553
466041
129453
9739953
3308255
5084879
3639145
7415169
2422
1449
3661
4070
9069240
6342943
7806007
9413873
2124581
3449
2007361
7163899
9971136
1846019
4430397
1313401
3479415
6978401
7332869
8429539
4617846
1870677
893
1031659
5794417
4987
203649
3656649
1352477
1267
1021
3402177
4294153
4793345
5560417
9836135
110
9764737
3988897
2188649
461065
7086967
3155905
1082
3105
4681
5091713
2715
4543714
7399967
287529
7660289
5689473
4665
9159369
5613556
4112637
3873321
1757
1524073
7204511
9036133
4326053
4075627
7850617
2899568
2213921
1099798
8458153
3301946
3428801
6262209
5027581
4827849
7725335
8360119
5330563
7033657
435
1172545
5533768
3409769
1668
9012537
2026
839249
9168897
5275190
2377169
8939793
39
1066632
8677129
5050001
6108609
3428929
2185029
4158825
4481
726137
3353209
8533873
1730579
4644345
914202
3953609
6631905
331569
1205929
1898549
2695
512513
7611741
1617
5839401
2880153
8917633
105
1333249
1559905
291971
5552417
7122821
3707
7140082
8402705
7850617
2069126
8274855
4704777
3615
3537
3745
3393427
6578419
465
5849979
1225253
2377945
9
4024
44
6281351
5266065
1002
1598
7658543
613505
8804513
4480961
7801205
4593727
916481
6163377
741956
1433068
2189
4821633
4175489
5024577
1381093
5963475
5915853
1338
3321
9654629
433
8521311
4433
3856748
9224837
3636353
6541963
3347287
5123737
7651718
8136839
1438061
1262837
5321228
4145993
7335505
1636
5804197
1311054
2950247
8404081
4022137
5594495
2982146
1651827
9229929
680
5556929
865
675
951713
8236241
9213453
8345908
4164681
7742225
3410769
6840
8470427
1862711
7480643
7185281
6958075
3595
1249
472105
6493991
9688785
5878569
5903873
5093
4107553
1307981
1467
9170997
5748357
3669441
3967221
9249817
4083603
498
3003
5933077
96
735909
2945025
442389
2319
485601
9641281
3176
5699194
5369657
8286849
4179
783
5845977
2918
4345
2627667
3953609
5609323
7680865
4596083
6579929
356
8124797
9989729
2517205
7157305
9995457
4298153
498
5742709
313
3555096
5422411
4228517
48
8935882
6139221
5804197
1775029
1083
1735361
63
1328
7879147
1368605
531940
6615873
115
4801441
6750693
1449
6769793
243
3430
4578725
8188139
566545
6614713
2572201
1445
9694889
7207723
5226173
765
5552025
3731457
309050
7858441
522
8385233
3309
1040
1435113
5688993
439953
823297
14
6861341
8648593
4801441
7603291
6013437
4704777
8472737
3803385
7097537
5031433
3943529
2535329
4168625
2717
1940
1276070
2085441
6734657
3072
743
2182
7486721
7207723
6988553
5170217
1623793
1383
3820189
979
4744705
2732037
9633023
6385649
9600781
7419669
183
1553
3294289
1830
4676277
1875649
7471873
6004145
3040033
2985
933793
949
5049633
1548297
3433
3316817
15115
1943313
3688773
3245464
3676949
9643038
7162587
3416145
1663945
1651
5170217
5967759
952705
7876921
5175571
2435097
3448
2499809
7680037
543588
383
8729065
2641
394
1164929
4524567
2345985
7621401
6383773
4434690
7102969
6668425
5523953
5742
1124481
8504177
4781163
2354735
1559
9837721
6675937
7394065
5120321
1732
7287669
1661
9503921
5266065
7187905
185193
8410356
4673793
6485046
1879149
7126792
6906577
394
2896
1311
3776
9379677
1066632
3861953
5538361
632
1944813
5701055
2398173
148641
7839409
4064
3605401
6616992
8450593
8291825
8459329
4182985
1428
90
101
13
1117
1012
3774109
4098
206
1675441
6021
5240085
7028261
180201
2059715
2425
2107937
168
450
7680565
1741177
7781825
3771073
8208017
2691725
5274545
5026993
693321
491
7530385
6473455
3065
5593587
1185989
6453990
4593901
7767697
3419947
3019
1205929
3463
4011
5049183
8768301
6670977
9785903
5755617
4496257
3467
841
479
5521329
5817439
6316667
2024409
3953609
5814043
596904
4304
9792437
3471117
3079975
1632
4233889
775
4643953
6061269
6821115
4798273
6110385
2533
2124655
7102636
8080913
4610321
207553
4632
8589137
5882
2872
8819121
2828815
7486721
4492729
9028705
8643443
893925
2443
52717
57281
2907713
1601953
1597
2459265
9572365
8761609
8084025
5825481
9958025
2661377
7738113
6762865
3967009
1795713
1603393
4643953
2108351
7415169
3903361
4174
2190575
1218
3131
823
3736049
1875649
1586482
4379
2218673
6376
2945
660785
4722305
3201
6957181
2632
2076497
2964785
1773809
7595009
3185
842
9236209
4053665
470
4887969
5505611
8289769
9415627
2080449
5098209
6468203
5231449
7244909
4029778
1392
6639977
4238
607
809
110
5356413
4186753
5589645
7826169
5584
684129
3680938
9043395
8436225
6410401
623617
3138
117
5128439
7367814
3286913
1725825
1239041
564
8504937
1066
3823657
2792989
4123965
2976
7275649
7679760
3239009
455105
798
7516441
2145
4477953
8815217
1104495
5356791
3590289
8043393
5625953
1459
7902166
2335525
6047625
5765457
1555
7878967
830
7909
1481257
2300
1434
9281537
1947783
1391
8016257
1483
574635
1406
2985454
433
3539
6094778
2444
1254
3260
2667
3209709
4916433
1389745
4301233
559385
7934336
6859067
5013
451
133430
99
1715
8312760
2028
7102969
4780095
4984319
4293221
6645937
5619
5548444
1208
1975
4256288
3249655
1602839
672717
719055
4200001
4971977
753553
643675
2450817
4507926
1961
1177085
2419822
2689
1157
125
140865
9376737
1047
3773809
5817233
1040193
2585
9983789
5394777
5161683
2113105
4683001
6468203
1306913
2530929
5997369
984449
2766
9597189
1515
4610321
621
2677
1410
9684429
2048633
3427
75393
7564801
7521639
150
5794417
9723749
3340
8478567
7788733
9582401
7587473
7258663
6766212
1103
8819121
677932
6362073
6328257
7895777
3196111
8758805
2262214
1810
2477
9162209
8056321
4454957
3866089
909017
4514243
8471233
1821
4863361
6104082
9724697
8768621
8210001
4429713
686003
4677
3491719
2630
7781825
2150193
31
9054465
8116757
2304595
5688547
1454723
9989729
1601405
2595002
4993321
3347287
4470025
4457
1001428
821
5769163
3943
248
746
8272577
3509939
6267217
907
251
1628489
242
5259361
1556117
2198949
3528225
262017
3954
629
1697
7495155
3698811
813592
4146289
2893257
7718673
2964657
2959313
8406921
7521345
4615321
8397707
957331
4300127
7498673
811
257
9147817
3917
1795077
9073103
2427
158
7474753
8610021
8748283
7718673
7483521
5956193
1582736
1759
1832641
4716101
5871
6472249
8637377
457531
3143089
1496289
5856505
8321884
336129
45
3777299
3147129
4961387
6886385
3185
4318625
9989729
4639557
969121
6892682
2654647
6373049
3828737
158
3901
6164
130
8397707
6274955
3699
5192254
7664388
586621
6685889
4613849
2417
6550849
9818636
5050945
2503977
1225253
7470719
1342962
9134965
823297
7517569
8539137
2607282
5559761
9188465
392799
8033094
7564075
754093
996
3283777
4304288
3612309
9877248
5272947
3711703
4342245
18
7645749
8000985
8597995
1103585
739454
3653
7593445
899841
7690521
5511273
9984946
8201641
8179957
4369809
6058925
8922529
2150
285774
1117
3347287
2798771
8236241
138518
4275447
2778817
8620417
8131277
3721
2538116
1568129
9921307
4408
1904555
8729953
129
9356843
2193
1760789
383
174242
1304
39
5699194
8082561
4054
4453
4798273
2398756
595
3124025
1245
3837
5998975
4094881
2525057
7379123
1410085
5309857
786
3458529
1308
9608875
6988553
7459053
4638337
5591665
1860189
9418343
3435
2724193
8237829
7799813
8705793
2338196
9400323
9197270
81
3433
2007361
5497373
4470025
9205437
4133041
8659521
351045
3619321
3778
186
7640833
4371841
3032468
3346675
7532929
800
2589985
3077066
3136673
5065937
7185281
6058089
3953
4342245
6261483
420080
2070845
5176853
1828677
419
545961
150
1632647
1632
4659049
9456643
1799
6421345
6079665
2143213
137
1479
1551911
745
1259
1529
8489969
6211536
2030
903665
1782017
4267187
2987
646
3871
5413617
5877281
1481257
1786105
6164205
7701001
8835399
5693973
5167153
4483905
3861953
1749
9705609
1556117
9613063
9217913
9026885
8013929
5594495
273321
7751809
8198401
813592
3634929
725
2360
6684297
4532699
5998565
297
9873605
9353761
3194
945677
2145
7066833
6267217
2779
367853
3963745
5277217
353601
4274625
7394065
5958
581
1809
7611521
6626785
3011717
5330563
8499120
1600
3337763
4981671
995
7811337
7332869
291
7213113
8312833
5231449
3413
280905
340153
889
7360453
5197425
6679409
8246965
5079
1458
571
1863
1645
1263
2414
1604
2852457
9514178
78
8895592
5401457
107
5092595
1370
1964385
902
141
435925
1680127
1577
734857
7522241
852865
3130273
2742525
7241363
5496705
2900897
5078279
2631
2218673
8386840
8916985
2261
5533768
1823
129453
5204
3856330
1862711
4245985
2233
4346
2261
5479617
5373358
1535681
8043393
3673173
1617
350
2357116
7500166
3035377
4527
2053108
2173413
467315
2756401
8369849
7420821
2259
8651440
7508261
1281
6424769
3395461
223477
7539505
699289
192955
1763
252283
2092463
432461
886
5081466
2833
7875793
2425
1
7628497
1458
5259796
287
1059809
2612009
2091
5038062
6994585
2257071
6884751
3083851
5751881
3231
2525057
435
3324905
2137
9470839
9253339
7971146
3297
6006611
2020321
3953
6137209
5647897
8747777
6243424
545242
1572526
1265
4793
7022679
419
4164649
1559237
6723249
2238221
7257797
7628497
3053922
7620057
349617
9975459
3299
3856577
4604737
1752
4
1169757
937
4916064
149878
2064
5262997
1372915
1925
6679660
5923
552497
7508051
9460865
151
8492225
6500281
2466801
3845809
1515
8765825
3770787
814
1094
1595
2193473
8625688
4000
3498073
3948769
8321884
4104813
5983809
6068
5566911
2186210
1698720
4430
606
1854613
1894641
6476569
9673585
500
593
3787353
8136839
6014677
9582401
7386241
1173
7427246
3238445
8847409
2529329
8691069
2753
591527
7004785
5272849
888
2055
5980401
1316
496
2679871
3899
367745
5793537
2423
7718673
3503
2073961
1205929
7738113
1155
5946497
2351265
7444249
8284369
2278
1649
289
2840797
2244
7054449
1024509
219
1784177
2316678
294881
493737
3359
3873765
3656649
5176853
577883
7569793
9465612
2261343
7248609
6296281
181369
8228673
8286849
1062775
2307493
5121
6675029
4211889
5369657
3823657
4716101
5942097
3924
64
7232499
4550356
105
7379123
9291505
9230737
6877027
5559761
771
1186945
581239
3777299
250
4365941
542705
9552985
3079975
2797643
4277853
280905
1310
3800897
8274855
577281
4550
8135041
6090177
3667
1928444
9739632
30001
508
5171457
7755953
3166
4435206
6952489
1127
505
3339673
4298153
6014677
2750
3169473
8489969
7312936
1633
3998
2883505
9811857
5963
2152
9152419
8217217
5453965
1942577
7195481
2094701
2883505
3220283
324445
2998605
2713819
21
2030542
941330
2240
6410401
3226097
8472737
4262715
3962225
1890701
3792291
6250817
793
717
126
1722913
917757
7724530
5360241
3967848
7442945
9789233
4085
3670805
10
2907713
7038337
3139
7948673
7927809
9594657
1034
6522729
9665529
7651718
5609
9365119
4437761
821
623617
6059777
930
963
7269743
591527
2160482
3130273
6079665
145
8401119
6737177
3525
7228024
5169245
802252
5481029
1505989
4233889
2740921
1759425
4639557
1866721
4383
3333780
1115
2402657
9077825
8058561
31
3621305
9369057
397
8570243
4447473
1532215
7209693
6266497
8053507
6
1017
866633
6996982
4677187
7637469
3670805
6343057
5855389
1791
9659955
9279601
2574853
2017
4414
3675111
4881729
3209
9204425
4200057
4587171
6003393
77744
1651
3577001
147
5070905
96
2701
4617665
101
6989955
2539
2607282
7077505
4687201
3651311
2507437
1586
913
2116865
3007029
123
4942685
1706
439
7339695
1898603
4025569
5328577
1505989
1479391
1346299
7693497
591527
7628497
8551617
1571
4373481
3633
7914065
6569219
7417031
6937449
1497350
2611761
4342245
5484577
826
7865857
5041857
6007241
3952225
6815865
6832497
6332854
5391
7054449
8513193
8835361
6106161
1193273
2802
8265949
9774579
244737
1324
4115307
1123339
4364217
3473
1159533
4307037
597
637
7090944
6478581
1714433
7156935
912
8994993
9098868
1817248
1087
8932942
901
3402177
4145993
6128868
6962283
2679137
5265977
6515850
5576009
7367814
6690729
1074
1925
211027
5695870
1840289
1159034
2094701
3003
4256185
4012817
2803521
107
1032
5869505
4428023
7332853
2420833
3881409
8689145
2257071
1493
7124353
3775657
3645
192955
8370030
5258141
891
3283
7432065
2812309
1568353
1833985
361
7936029
4318625
5903873
5608233
2069603
1225
199
1212
5052465
4644345
4299215
7529025
3090749
4592
9272257
8521192
5433609
9852007
9892263
1854613
133
7461505
6859067
8379336
6649889
2802265
1958721
802252
9732231
3592639
6619745
2942
7642129
4329
4412335
4159105
2492
3016081
7605071
344
258
6592673
7349089
2602835
1192031
6920567
2178340
9327009
4653835
15925
3078421
6843905
3326376
2224
1354
6261483
2710147
9909359
5096
1157185
7577937
1663
613297
6958573
4518441
68
9344145
5044281
9485601
7499587
1287681
6022801
4028195
1920
1025
1981
3724637
1914369
9055424
9596353
4819113
5770345
8805529
3191065
1141105
4153873
1854613
2686585
1057
5661203
5967131
6072729
8108417
1532
3891377
1020397
5692300
2900897
3177
2273905
5708065
9916449
1450769
4711689
6101473
2320431
4825053
549
5559761
5889023
1551911
4662657
8011025
3954304
309050
624
1252623
7024477
8717771
3367
4893
3970897
9739921
7738113
6478581
1326
3197765
2827281
4617665
8
4158825
3329
9320943
5641023
4049953
3205
8042073
5946497
2499809
2775435
3935
3083851
9485601
608049
4558
309050
3924769
5172257
3451367
7800321
2708821
244737
221
182001
35156
537
6092321
891
9288282
1097
1195699
9304897
2940121
6332472
3475358
837
6332854
1529
1445001
968983
8159321
6346029
6696825
2780981
2733368
1705
1459
3324185
3085
404
3680397
5458269
3214633
5343924
2213304
5421977
5360961
8504417
4971977
3323
1979906
3073
6313856
4123965
143
2194209
4637645
3383
6106965
140
9365119
705
4736413
3703
2656
3910589
128481
940572
3202817
1
2803364
1448
5286592
7022679
411233
7247425
8089273
5157341
3066599
8768057
734857
8804699
5419942
5711969
271585
1913
4285133
3063
888
4615321
7924113
3085025
5392177
6867997
313
5576817
7564075
7768461
4429713
5903873
5597989
9764480
6969309
6679409
8781477
2240
5533768
1272
6720263
8164001
6473455
1897
2679137
169
1609
3885249
7626193
4429713
7952091
1114
1830357
3108
3911
2611761
4081470
788701
8163553
839249
2696321
5053265
6232755
9817873
5122513
173
6533620
8321884
6695197
211
523
9310549
4979125
4278579
1873
2421231
567
6106161
1624
6782263
3621305
8848649
3451
3894135
2903
289793
6073213
5783161
8168577
9122900
4223521
5255
8486721
584749
4278579
5967759
4616093
4463308
7267065
4819113
2781397
6782263
3242
2861
4880908
2959
3277343
3552
9518589
655
6390605
12
9056047
2416017
6952713
5787
8247827
4008
1163417
9475451
8170943
6333
477969
6724509
481
9418343
4552901
7612785
8137675
6184185
655
4704777
600007
400
5682447
2784633
7617117
1701
2866129
4422
1942540
1181490
2295
7603291
4168625
1237
6775817
8549887
1901237
2779634
1207
759608
2094701
3866089
7734953
413
9403561
2918977
7569454
4251457
8202337
6782263
7971146
5213225
1434
9578609
2812033
2441964
7178501
3695
7793281
7221132
1827
1964385
7995793
396
4716101
3553
8308929
3925005
6068985
5804197
8911457
2064040
3131337
9381225
8926683
6471955
5216133
4504321
1973415
1175
4644345
1063
1640489
274
6262913
3434825
1751
5759169
703757
8412597
2946901
3924
629
2109153
2367945
21
27
9327009
2486987
4965
268
774337
2397
5383
2395619
5733
8831653
9056257
1262837
842543
8459329
936022
4629601
418
3677496
4407571
7285718
9192881
6780735
6962377
4191809
429929
3053922
1385
104
8832009
9958025
6338273
182001
4929427
9218369
37713
4153873
4159105
6461097
2857937
1253
6581706
7805
5313734
79
6800553
3115761
7526402
6281351
6707689
2164
934
7006473
4536977
566545
2304563
8956385
4961387
561
2953
432461
4827849
5149
6721548
1166
849
7657449
8422461
439753
2984019
7980405
228
8377769
746049
5242764
8097001
4454957
693321
6471955
5765093
7738879
9192013
5143601
2478825
4450593
3090749
7936029
1910244
7156199
1881601
4673541
4730550
4668114
5493889
5448963
2319
803369
1913809
4525917
9162209
3814673
3608005
4772009
3482785
3633
6493153
5493101
4965
863615
1688649
2907537
9973457
2155
9666273
4262715
5373409
5941477
5759169
6750257
251335
8183443
9071113
5896566
6877481
280465
925
1999
1029141
3730993
7805853
7620057
7843553
5775857
6780849
185
1297
1601405
7300289
3311003
7274488
6185541
5667713
8359241
546913
785
600007
1336561
4223521
6081013
876289
6607426
5542566
7719325
5098
7137147
1271
8063829
901545
5933537
9066993
7278553
3637313
8005215
8354081
5783
9453197
9029875
5000213
3536709
5415185
1306913
3873321
2489
9873605
76089
6885761
1894561
6226606
1137
7099245
3401001
6238977
8415385
6885761
3960001
9444423
3905
7792841
143
903303
9253339
738
2384001
7732643
2270
3461
6149837
5783161
8513193
1890701
1315489
4728009
178
5625717
443
1307
1155
2682787
5254
960937
380
592540
4106289
6797087
5142729
699289
577
5775609
9694889
9739632
4442305
3161337
1209024
4168
7308293
2991649
1336782
3011717
3231
4445
5317261
7276177
4459139
6809263
3420
2452693
730233
4507926
4819216
1347249
9811520
8011025
325745
369
1017
1078212
128
3835473
7014
5440477
5022411
5596041
778
6809699
5295944
7349445
465
1099169
7013948
8070231
540913
1276545
9249817
7914233
4463308
6246209
618
893925
6289037
359601
1479
1752
9824929
5272849
1436121
280905
7332869
386383
4870567
9077825
528
5256
5238921
2566977
6105766
1653599
2271091
7651718
2414013
3546
2499809
9921567
2327
822545
862413
531940
2107937
1320
1041634
9252251
7942633
9564294
4830041
6142513
9563777
1209
210
353601
4650181
5991
7718673
5473257
2585
1705123
2530299
1099169
6832385
2942977
4203905
7504701
3979205
5213231
7950065
7213113
4524567
9984129
8365377
7473975
4563361
3329873
7133025
4353773
8983137
480221
8088153
6343057
8832009
949
8638619
6978769
4098
6079665
9581953
6489425
681
8547713
393
858081
1323777
3181582
4819216
6679409
8167265
593093
2447951
5997541
2148
531940
3173
9508898
1534463
6498977
8034305
3010619
6773257
3988897
1060
1742747
940513
8669669
5421977
4229833
5408295
2097
645
7646211
3546753
6903115
699289
1802609
7267065
369245
8549773
3839
2354735
50
2795
3746945
4267649
1705123
8747777
692
791553
4053
8425601
5596041
1209903
418
1881
6134669
4216649
9103521
4434593
2535329
6453990
58
1201
1571
6105766
3063
3897
3382193
5967
4439181
382549
210439
6837633
8807933
3991
6781857
80
3038001
2186210
5785501
7937793
1262837
4147631
591
5311105
780
4771358
2627
1278
4644345
3974146
2674533
9043073
3772865
3419947
5767685
3891
7230333
2478
5194385
753
7633545
8504233
2312909
1585
4694989
739
1889
2251575
3115
754897
2109775
4556261
353121
2918977
6302305
7264333
612
3533855
4729
3899265
3422
1569
454219
9013422
430161
848
5864321
2124655
4070945
3957617
6156182
7869769
770709
9572365
8240083
1103585
4169153
2758360
2130935
7394065
6922113
5550189
4811428
3564225
2134081
1642
8166041
8837009
3562020
2000881
1071361
1931
1753
824
5348481
4617665
5747737
9792196
4721445
2304563
5216133
6324256
5167
773945
2893257
7628497
2809
734
3256301
7775831
2156637
6655333
2887
9137577
3130273
2834981
4969689
5703517
4112637
651141
7934336
1055105
2561
6369565
3437
741956
1858326
889
1034036
5961893
7139519
1196401
4457745
7601793
7285718
6778457
3444
1363
5126721
1358911
5398813
7162587
3260
66
608049
513
354
7228024
1680713
934
818097
4344924
2616977
9192881
6417430
8650897
9009566
4721
651415
3250
3306281
1623793
6645825
4395521
3416381
2887
8097485
9246854
6582857
6167005
2488321
3376
412997
4901
9799995
3096845
3498073
8114753
2826405
1903
4449969
1306
8804699
1217
8783675
4165089
184433
2223
7750187
4916
8303833
2660777
1
8958485
9470397
3213
4956697
6128868
543
3613129
6285355
7696023
4507797
9908398
3903361
766
6231969
4976721
2128605
7723121
5966498
6655333
5550189
2363867
1877409
928521
5353929
5305
1349
8065553
4652801
7701704
7345193
2635
5433609
3480
4564173
1045
6896321
9961857
906929
4380361
2266
7630650
250369
6421345
6920156
6952489
579
6684609
3612309
5734813
9400591
3388372
8741977
161
6087569
9969937
1935553
7314903
1534321
2601
5052353
5369657
1533537
7399967
3846211
8707329
4450241
1345
2017477
293
8164001
9322197
7906235
2082099
9815209
2137633
4797259
80
3941809
7971146
66889
8916088
74
3179399
7075905
4419313
8758805
263593
9056047
781
7626168
3450265
1386
9566825
1466
1445611
9514529
5410885
2424747
6068985
3806
1565221
7621401
8551617
4728
5973158
5195529
1828165
7934336
9438497
4256288
4585049
5243
6993
5026993
5868273
134017
2189
451589
6716865
3267049
4670341
7007671
4556081
9095041
45
2311811
1257
6139221
1131497
6048529
9994723
1561109
1865269
73
4902725
3114599
8459329
771
6640641
2257071
9132716
1361
7830705
1635
141
754
3201
6607426
2506
4081
2042105
9175617
1209903
7483521
2698585
3253
7285718
7768439
4301
4377
6503761
2576481
540
231
1486721
903
9427481
593
3348
6079665
3435
7371041
2358225
7024229
4430397
6517
8491329
7157305
9085237
9455713
2455018
4347
1940867
9043073
2700220
6637197
4381089
4742249
361
7762805
4293221
1649
3254
5401457
9053241
5905007
1002
455
1734
9527329
1697
2131
8860073
5933077
1478281
7233003
1577
2349481
8454937
1963
1277279
9024545
3448369
8858525
2682062
799
5477245
5909137
38
5829821
5166115
209033
1279041
5299133
3998337
2791
407152
9235781
1788
7768439
5448963
542
2912
1418
1536121
9353755
4879401
122625
1017
5
2689
4776241
1894561
11
4660993
5618521
4461
7204511
1886022
919
2877916
4734107
9280017
728
3499941
7776209
2959313
9904042
5386085
6724833
868
8398838
6161895
1806
2055455
3434017
4005
1601953
6675937
7743635
64965
536
4123
1266
3978161
7432065
4373
8190191
3726073
3088
2116865
1854641
4056
2208
3958001
2517
4902725
6939829
2554
6701953
2815921
8518461
1657107
2734208
7063804
7272409
304
2298
4769989
6769793
6218489
1249
3471117
484
555
3838369
7553641
8055930
